<?xml version="1.0" encoding="UTF-8"?>
<!-- Generated by org.testng.reporters.JUnitReportReporter -->
<testsuite hostname="LAPTOP-5DBSC07H" failures="0" tests="1" name="jsonincludeproperties.JasonPlayloadWithallFields" time="0.188" errors="0" timestamp="2022-09-06T12:25:53 IST" skipped="0">
  <testcase classname="jsonincludeproperties.JasonPlayloadWithallFields" name="employeedetailswithallfields" time="0.188"/>
  <system-out/>
</testsuite> <!-- jsonincludeproperties.JasonPlayloadWithallFields -->
