<?xml version="1.0" encoding="UTF-8"?>
<!-- Generated by org.testng.reporters.JUnitReportReporter -->
<testsuite hostname="LAPTOP-5DBSC07H" failures="0" tests="1" name="Authorization.Authorization" time="3.458" errors="0" timestamp="2022-10-14T15:10:13 IST" skipped="0">
  <testcase classname="Authorization.Authorization" name="oAuth2" time="3.458"/>
  <system-out/>
</testsuite> <!-- Authorization.Authorization -->
