<?xml version="1.0" encoding="UTF-8"?>
<!-- Generated by org.testng.reporters.JUnitReportReporter -->
<testsuite hostname="LAPTOP-5DBSC07H" failures="0" tests="1" name="basicAuth.BasicAuthorization" time="4.234" errors="0" timestamp="2022-10-12T16:19:41 IST" skipped="0">
  <testcase classname="basicAuth.BasicAuthorization" name="DigestAuth" time="4.234"/>
  <system-out/>
</testsuite> <!-- basicAuth.BasicAuthorization -->
