<?xml version="1.0" encoding="UTF-8"?>
<!-- Generated by org.testng.reporters.JUnitReportReporter -->
<testsuite hostname="LAPTOP-5DBSC07H" failures="0" tests="1" name="restfullbooker.JsonPathDemo" time="0.971" errors="0" timestamp="2022-08-24T15:41:58 IST" skipped="0">
  <testcase classname="restfullbooker.JsonPathDemo" name="jsonpath_method" time="0.971"/>
  <system-out/>
</testsuite> <!-- restfullbooker.JsonPathDemo -->
