<?xml version="1.0" encoding="UTF-8"?>
<!-- Generated by org.testng.reporters.JUnitReportReporter -->
<testsuite hostname="LAPTOP-5DBSC07H" failures="0" tests="1" name="com.api.jacksonannotations.JasonPlayloadWithallFields" time="0.190" errors="0" timestamp="2022-09-06T10:19:28 IST" skipped="0">
  <testcase classname="com.api.jacksonannotations.JasonPlayloadWithallFields" name="employeedetailswithallfields" time="0.190"/>
  <system-out/>
</testsuite> <!-- com.api.jacksonannotations.JasonPlayloadWithallFields -->
