<?xml version="1.0" encoding="UTF-8"?>
<!-- Generated by org.testng.reporters.JUnitReportReporter -->
<testsuite hostname="LAPTOP-5DBSC07H" failures="0" tests="1" name="restAPIPractice.ResponseSpecDemo" time="5.115" errors="0" timestamp="2022-09-08T17:28:01 IST" skipped="0">
  <testcase classname="restAPIPractice.ResponseSpecDemo" name="postmethod" time="5.115"/>
  <system-out/>
</testsuite> <!-- restAPIPractice.ResponseSpecDemo -->
