<?xml version="1.0" encoding="UTF-8"?>
<!-- Generated by org.testng.reporters.JUnitReportReporter -->
<testsuite hostname="LAPTOP-5DBSC07H" failures="0" tests="1" name="Authorization.BasicAuthorization" time="2.581" errors="0" timestamp="2022-10-14T11:37:08 IST" skipped="0">
  <testcase classname="Authorization.BasicAuthorization" name="apiKey" time="2.581"/>
  <system-out/>
</testsuite> <!-- Authorization.BasicAuthorization -->
