<?xml version="1.0" encoding="UTF-8"?>
<!-- Generated by org.testng.reporters.JUnitReportReporter -->
<testsuite hostname="LAPTOP-5DBSC07H" failures="0" tests="2" name="restAPIPractice.RequestSpecifications" time="8.560" errors="0" timestamp="2022-09-08T16:11:19 IST" skipped="0">
  <testcase classname="restAPIPractice.RequestSpecifications" name="updatebooking" time="3.022"/>
  <system-out/>
  <testcase classname="restAPIPractice.RequestSpecifications" name="postmethod" time="5.538"/>
  <system-out/>
</testsuite> <!-- restAPIPractice.RequestSpecifications -->
