<?xml version="1.0" encoding="UTF-8"?>
<!-- Generated by org.testng.reporters.JUnitReportReporter -->
<testsuite hostname="LAPTOP-5DBSC07H" failures="0" tests="2" name="restAPIPractice.RequestSpecificationsDemo" time="6.146" errors="0" timestamp="2022-09-08T16:36:07 IST" skipped="0">
  <testcase classname="restAPIPractice.RequestSpecificationsDemo" name="postmethod" time="4.077"/>
  <system-out/>
  <testcase classname="restAPIPractice.RequestSpecificationsDemo" name="updatebooking" time="2.069"/>
  <system-out/>
</testsuite> <!-- restAPIPractice.RequestSpecificationsDemo -->
