<?xml version="1.0" encoding="UTF-8"?>
<!-- Generated by org.testng.reporters.JUnitReportReporter -->
<testsuite hostname="LAPTOP-5DBSC07H" failures="0" tests="1" name="com.api.jacksonannotations.JasonPlayloadWithNonDefaultValues" time="0.198" errors="0" timestamp="2022-09-06T11:37:42 IST" skipped="0">
  <testcase classname="com.api.jacksonannotations.JasonPlayloadWithNonDefaultValues" name="employeedetailswithallfields" time="0.198"/>
  <system-out/>
</testsuite> <!-- com.api.jacksonannotations.JasonPlayloadWithNonDefaultValues -->
